KamaFilms/app/build/outputs/logs/manifest-merger-debug-report.txt
-- Merging decision tree log ---
manifest
ADDED from src\main\AndroidManifest.xml:1:1-37:12
INJECTED from src\main\AndroidManifest.xml:1:1-37:12
INJECTED from src\main\AndroidManifest.xml:1:1-37:12
INJECTED from src\main\AndroidManifest.xml:1:1-37:12
INJECTED from src\main\AndroidManifest.xml:1:1-37:12
INJECTED from src\main\AndroidManifest.xml:1:1-37:12
INJECTED from src\main\AndroidManifest.xml:1:1-37:12
	package
		ADDED from src\main\AndroidManifest.xml:3:2-26
		INJECTED from src\main\AndroidManifest.xml
		INJECTED from src\main\AndroidManifest.xml
	android:versionName
		INJECTED from src\main\AndroidManifest.xml
		ADDED from src\main\AndroidManifest.xml:1:1-37:12
		INJECTED from src\main\AndroidManifest.xml
	android:versionCode
		INJECTED from src\main\AndroidManifest.xml
		ADDED from src\main\AndroidManifest.xml:1:1-37:12
		INJECTED from src\main\AndroidManifest.xml
	xmlns:android
		ADDED from src\main\AndroidManifest.xml:2:2-60
uses-permission#android.permission.INTERNET
ADDED from src\main\AndroidManifest.xml:4:2-63
	android:name
		ADDED from src\main\AndroidManifest.xml:4:19-61
uses-permission#android.permission.ACCESS_NETWORK_STATE
ADDED from src\main\AndroidManifest.xml:5:2-75
	android:name
		ADDED from src\main\AndroidManifest.xml:5:19-73
uses-permission#android.permission.READ_EXTERNAL_STORAGE
ADDED from src\main\AndroidManifest.xml:6:2-76
	android:name
		ADDED from src\main\AndroidManifest.xml:6:19-74
uses-permission#android.permission.WRITE_EXTERNAL_STORAGE
ADDED from src\main\AndroidManifest.xml:7:2-77
	android:name
		ADDED from src\main\AndroidManifest.xml:7:19-75
application
ADDED from src\main\AndroidManifest.xml:8:2-36:16
	android:label
		ADDED from src\main\AndroidManifest.xml:10:3-24
	android:largeHeap
		ADDED from src\main\AndroidManifest.xml:12:3-27
	android:icon
		ADDED from src\main\AndroidManifest.xml:11:3-36
	android:allowBackup
		ADDED from src\main\AndroidManifest.xml:9:3-29
	android:theme
		ADDED from src\main\AndroidManifest.xml:13:3-34
activity#com.kama.films.MainActivity
ADDED from src\main\AndroidManifest.xml:14:3-23:14
	android:screenOrientation
		ADDED from src\main\AndroidManifest.xml:18:4-40
	android:configChanges
		ADDED from src\main\AndroidManifest.xml:16:4-50
	android:theme
		ADDED from src\main\AndroidManifest.xml:17:4-38
	android:name
		ADDED from src\main\AndroidManifest.xml:15:4-32
intent-filter#action:name:android.intent.action.MAIN+category:name:android.intent.category.LAUNCHER
ADDED from src\main\AndroidManifest.xml:19:4-22:20
action#android.intent.action.MAIN
ADDED from src\main\AndroidManifest.xml:20:5-56
	android:name
		ADDED from src\main\AndroidManifest.xml:20:13-54
category#android.intent.category.LAUNCHER
ADDED from src\main\AndroidManifest.xml:21:5-64
	android:name
		ADDED from src\main\AndroidManifest.xml:21:15-62
activity#com.kama.films.AllActivity
ADDED from src\main\AndroidManifest.xml:24:3-27:42
	android:screenOrientation
		ADDED from src\main\AndroidManifest.xml:27:4-40
	android:configChanges
		ADDED from src\main\AndroidManifest.xml:26:4-50
	android:name
		ADDED from src\main\AndroidManifest.xml:25:4-31
activity#com.kama.films.PlayerActivity
ADDED from src\main\AndroidManifest.xml:28:3-32:43
	android:screenOrientation
		ADDED from src\main\AndroidManifest.xml:32:4-41
	android:configChanges
		ADDED from src\main\AndroidManifest.xml:30:4-50
	android:theme
		ADDED from src\main\AndroidManifest.xml:31:4-38
	android:name
		ADDED from src\main\AndroidManifest.xml:29:4-34
uses-library#org.apache.http.legacy
ADDED from src\main\AndroidManifest.xml:33:3-35:30
	android:required
		ADDED from src\main\AndroidManifest.xml:35:4-28
	android:name
		ADDED from src\main\AndroidManifest.xml:34:4-41
uses-sdk
INJECTED from src\main\AndroidManifest.xml reason: use-sdk injection requested
INJECTED from src\main\AndroidManifest.xml
INJECTED from src\main\AndroidManifest.xml
INJECTED from src\main\AndroidManifest.xml
INJECTED from src\main\AndroidManifest.xml
	android:targetSdkVersion
		INJECTED from src\main\AndroidManifest.xml
		ADDED from src\main\AndroidManifest.xml
		INJECTED from src\main\AndroidManifest.xml
	android:minSdkVersion
		INJECTED from src\main\AndroidManifest.xml
		ADDED from src\main\AndroidManifest.xml
		INJECTED from src\main\AndroidManifest.xml